Build started 14.12.2012 23:49:44.
     1>Project "C:\Users\Stals\Dropbox\Programming\BigProjects\C++\Workds-workingTitle\Words-cocos2dx\Words\Words\proj.win32\Words.win32.vcxproj" on node 2 (build target(s)).
     1>PrepareForBuild:
         Creating directory "C:\Users\Stals\Dropbox\Programming\BigProjects\C++\Workds-workingTitle\Words-cocos2dx\Words\Debug.win32\".
       InitializeBuildStatus:
         Creating "Debug.win32\Words.win32.unsuccessfulbuild" because "AlwaysCreate" was specified.
       ClCompile:
         C:\Program Files (x86)\Microsoft Visual Studio 10.0\VC\bin\CL.exe /c /I. /I..\Classes /I"C:\Users\Stals\Dropbox\Programming\BigProjects\C++\Workds-workingTitle\Words-cocos2dx\Words\cocos2dx" /I"C:\Users\Stals\Dropbox\Programming\BigProjects\C++\Workds-workingTitle\Words-cocos2dx\Words\cocos2dx\include" /I"C:\Users\Stals\Dropbox\Programming\BigProjects\C++\Workds-workingTitle\Words-cocos2dx\Words\cocos2dx\kazmath\include" /I"C:\Users\Stals\Dropbox\Programming\BigProjects\C++\Workds-workingTitle\Words-cocos2dx\Words\cocos2dx\platform\win32" /I"C:\Users\Stals\Dropbox\Programming\BigProjects\C++\Workds-workingTitle\Words-cocos2dx\Words\cocos2dx\platform\third_party\win32" /I"C:\Users\Stals\Dropbox\Programming\BigProjects\C++\Workds-workingTitle\Words-cocos2dx\Words\cocos2dx\platform\third_party\win32\OGLES" /I"C:\Users\Stals\Dropbox\Programming\BigProjects\C++\Workds-workingTitle\Words-cocos2dx\Words\CocosDenshion\include" /ZI /nologo /W3 /WX- /Od /Oy- /D WIN32 /D _WINDOWS /D STRICT /D _CRT_SECURE_NO_WARNINGS /D _SCL_SECURE_NO_WARNINGS_DEBUG /D COCOS2D_DEBUG=1 /D _UNICODE /D UNICODE /Gm /EHsc /RTC1 /MDd /GS /fp:precise /Zc:wchar_t /Zc:forScope /Fo"Debug.win32\\" /Fd"Debug.win32\vc100.pdb" /Gd /TP /wd4267 /wd4251 /wd4244 /analyze- /errorReport:prompt ..\Classes\AppDelegate.cpp ..\Classes\HelloWorldScene.cpp main.cpp
         main.cpp
     1>c:\users\stals\dropbox\programming\bigprojects\c++\workds-workingtitle\words-cocos2dx\words\words\proj.win32\main.h(11): fatal error C1083: Cannot open include file: 'CCStdC.h': No such file or directory
         HelloWorldScene.cpp
     1>c:\users\stals\dropbox\programming\bigprojects\c++\workds-workingtitle\words-cocos2dx\words\words\classes\helloworldscene.h(4): fatal error C1083: Cannot open include file: 'cocos2d.h': No such file or directory
         AppDelegate.cpp
     1>c:\users\stals\dropbox\programming\bigprojects\c++\workds-workingtitle\words-cocos2dx\words\words\classes\appdelegate.cpp(1): fatal error C1083: Cannot open include file: 'cocos2d.h': No such file or directory
         Generating Code...
     1>Done Building Project "C:\Users\Stals\Dropbox\Programming\BigProjects\C++\Workds-workingTitle\Words-cocos2dx\Words\Words\proj.win32\Words.win32.vcxproj" (build target(s)) -- FAILED.

Build FAILED.

Time Elapsed 00:00:01.74
